Added Component: Designator=B1(KBL)
Add component. Clean all parameters for all variants
Add component (AddParameter): Name = "BOM名称"; Value = "1KV/2A整流桥"; VariantName = "[No Variations]"
Add component (AddParameter): Name = "学习资源"; Value = "www.ooocke.com"; VariantName = "[No Variations]"
Add component (AddParameter): Name = "版权归属"; Value = "源创客"; VariantName = "[No Variations]"
Added Component: Designator=C1(1210C)
Add component. Clean all parameters for all variants
Added Component: Designator=C2(CAP-6.3mm)
Add component. Clean all parameters for all variants
Added Component: Designator=C3(1210C)
Add component. Clean all parameters for all variants
Added Component: Designator=C4(CAP-10mm)
Add component. Clean all parameters for all variants
Added Component: Designator=C5(CAP-10mm)
Add component. Clean all parameters for all variants
Added Component: Designator=C6(1210C)
Add component. Clean all parameters for all variants
Added Component: Designator=C7(1210C)
Add component. Clean all parameters for all variants
Added Component: Designator=C8(CAP-6.3mm)
Add component. Clean all parameters for all variants
Added Component: Designator=C9(CAP-10mm)
Add component. Clean all parameters for all variants
Added Component: Designator=C10(1210C)
Add component. Clean all parameters for all variants
Added Component: Designator=C11(1210C)
Add component. Clean all parameters for all variants
Added Component: Designator=C12(0805CC)
Add component. Clean all parameters for all variants
Added Component: Designator=C13(CD A(3216))
Add component. Clean all parameters for all variants
Added Component: Designator=C14(0805CC)
Add component. Clean all parameters for all variants
Added Component: Designator=C15(0805CC)
Add component. Clean all parameters for all variants
Added Component: Designator=C16(CAP-10mm)
Add component. Clean all parameters for all variants
Added Component: Designator=C17(C3216)
Add component. Clean all parameters for all variants
Added Component: Designator=C18(0805CC)
Add component. Clean all parameters for all variants
Added Component: Designator=C19(1210C)
Add component. Clean all parameters for all variants
Added Component: Designator=C20(0805CC)
Add component. Clean all parameters for all variants
Added Component: Designator=C21(0805CC)
Add component. Clean all parameters for all variants
Added Component: Designator=C22(CD A(3216))
Add component. Clean all parameters for all variants
Added Component: Designator=C23(0805CC)
Add component. Clean all parameters for all variants
Added Component: Designator=C24(0805CC)
Add component. Clean all parameters for all variants
Added Component: Designator=C25(C3216)
Add component. Clean all parameters for all variants
Added Component: Designator=C26(0805CC)
Add component. Clean all parameters for all variants
Added Component: Designator=C27(0805CC)
Add component. Clean all parameters for all variants
Added Component: Designator=C28(CAP-10mm)
Add component. Clean all parameters for all variants
Added Component: Designator=C29(1210C)
Add component. Clean all parameters for all variants
Added Component: Designator=C30(0805CC)
Add component. Clean all parameters for all variants
Added Component: Designator=C31(0805CC)
Add component. Clean all parameters for all variants
Added Component: Designator=C32(0805CC)
Add component. Clean all parameters for all variants
Added Component: Designator=C33(0805CC)
Add component. Clean all parameters for all variants
Added Component: Designator=C34(0805CC)
Add component. Clean all parameters for all variants
Added Component: Designator=C35(0805CC)
Add component. Clean all parameters for all variants
Added Component: Designator=C36(0805CC)
Add component. Clean all parameters for all variants
Added Component: Designator=C37(0805CC)
Add component. Clean all parameters for all variants
Added Component: Designator=C38(0805CC)
Add component. Clean all parameters for all variants
Added Component: Designator=C39(0805CC)
Add component. Clean all parameters for all variants
Added Component: Designator=C40(0805CC)
Add component. Clean all parameters for all variants
Added Component: Designator=C41(0805CC)
Add component. Clean all parameters for all variants
Added Component: Designator=C42(0805CC)
Add component. Clean all parameters for all variants
Added Component: Designator=D1(SOD-323)
Add component. Clean all parameters for all variants
Add component (AddParameter): Name = "BOM名称"; Value = "高速开关二极管"; VariantName = "[No Variations]"
Add component (AddParameter): Name = "学习资源"; Value = "www.ooocke.com"; VariantName = "[No Variations]"
Add component (AddParameter): Name = "版权归属"; Value = "源创客"; VariantName = "[No Variations]"
Added Component: Designator=D2(SMC)
Add component. Clean all parameters for all variants
Added Component: Designator=D3(0805LED)
Add component. Clean all parameters for all variants
Added Component: Designator=D4(SMC)
Add component. Clean all parameters for all variants
Added Component: Designator=D5(0805LED)
Add component. Clean all parameters for all variants
Added Component: Designator=D6(SMC)
Add component. Clean all parameters for all variants
Added Component: Designator=D7(SOD-323)
Add component. Clean all parameters for all variants
Added Component: Designator=D8(0805LED)
Add component. Clean all parameters for all variants
Added Component: Designator=D9(0805LED)
Add component. Clean all parameters for all variants
Added Component: Designator=F1(FU 1812)
Add component. Clean all parameters for all variants
Added Component: Designator=JP1(XH2.54-WI-2P)
Add component. Clean all parameters for all variants
Add component (AddParameter): Name = "BOM名称"; Value = "2P接插件"; VariantName = "[No Variations]"
Add component (AddParameter): Name = "学习资源"; Value = "www.ooocke.com"; VariantName = "[No Variations]"
Add component (AddParameter): Name = "版权归属"; Value = "源创客"; VariantName = "[No Variations]"
Added Component: Designator=JP3(HDR2.54-M-LI-8P)
Add component. Clean all parameters for all variants
Add component (AddParameter): Name = "BOM名称"; Value = "8P接插件"; VariantName = "[No Variations]"
Add component (AddParameter): Name = "学习资源"; Value = "www.ooocke.com"; VariantName = "[No Variations]"
Add component (AddParameter): Name = "版权归属"; Value = "源创客"; VariantName = "[No Variations]"
Added Component: Designator=JP4(HDR2.54-LI-5P)
Add component. Clean all parameters for all variants
Add component (AddParameter): Name = "BOM名称"; Value = "5P接插件"; VariantName = "[No Variations]"
Add component (AddParameter): Name = "学习资源"; Value = "www.ooocke.com"; VariantName = "[No Variations]"
Add component (AddParameter): Name = "版权归属"; Value = "源创客"; VariantName = "[No Variations]"
Added Component: Designator=L1(LMR135)
Add component. Clean all parameters for all variants
Added Component: Designator=L2(LMR135)
Add component. Clean all parameters for all variants
Added Component: Designator=L3(LMR135)
Add component. Clean all parameters for all variants
Added Component: Designator=LS1(BEEP 5x9x5.5)
Add component. Clean all parameters for all variants
Add component (AddParameter): Name = "BOM名称"; Value = "蜂鸣器"; VariantName = "[No Variations]"
Add component (AddParameter): Name = "学习资源"; Value = "www.ooocke.com"; VariantName = "[No Variations]"
Add component (AddParameter): Name = "版权归属"; Value = "源创客"; VariantName = "[No Variations]"
Added Component: Designator=Q1(SOT23-3N)
Add component. Clean all parameters for all variants
Add component (AddParameter): Name = "BOM名称"; Value = "高频放大-NPN型"; VariantName = "[No Variations]"
Add component (AddParameter): Name = "学习资源"; Value = "www.ooocke.com"; VariantName = "[No Variations]"
Add component (AddParameter): Name = "属性"; Value = "40V 1.5A 1W 100MHZ"; VariantName = "[No Variations]"
Add component (AddParameter): Name = "版权归属"; Value = "源创客"; VariantName = "[No Variations]"
Added Component: Designator=Q2(SOT23-3N)
Add component. Clean all parameters for all variants
Add component (AddParameter): Name = "BOM名称"; Value = "高频放大-NPN型"; VariantName = "[No Variations]"
Add component (AddParameter): Name = "学习资源"; Value = "www.ooocke.com"; VariantName = "[No Variations]"
Add component (AddParameter): Name = "属性"; Value = "40V 1.5A 1W 100MHZ"; VariantName = "[No Variations]"
Add component (AddParameter): Name = "版权归属"; Value = "源创客"; VariantName = "[No Variations]"
Added Component: Designator=Q3(SOT23-3N)
Add component. Clean all parameters for all variants
Add component (AddParameter): Name = "BOM名称"; Value = "高频放大-NPN型"; VariantName = "[No Variations]"
Add component (AddParameter): Name = "学习资源"; Value = "www.ooocke.com"; VariantName = "[No Variations]"
Add component (AddParameter): Name = "属性"; Value = "40V 1.5A 1W 100MHZ"; VariantName = "[No Variations]"
Add component (AddParameter): Name = "版权归属"; Value = "源创客"; VariantName = "[No Variations]"
Added Component: Designator=Q4(SOT23-3N)
Add component. Clean all parameters for all variants
Add component (AddParameter): Name = "BOM名称"; Value = "高频放大-NPN型"; VariantName = "[No Variations]"
Add component (AddParameter): Name = "学习资源"; Value = "www.ooocke.com"; VariantName = "[No Variations]"
Add component (AddParameter): Name = "属性"; Value = "40V 1.5A 1W 100MHZ"; VariantName = "[No Variations]"
Add component (AddParameter): Name = "版权归属"; Value = "源创客"; VariantName = "[No Variations]"
Added Component: Designator=R1(0805RR)
Add component. Clean all parameters for all variants
Added Component: Designator=R2(0805RR)
Add component. Clean all parameters for all variants
Added Component: Designator=R3(0805RR)
Add component. Clean all parameters for all variants
Added Component: Designator=R4(0805RR)
Add component. Clean all parameters for all variants
Added Component: Designator=R5(0805RR)
Add component. Clean all parameters for all variants
Added Component: Designator=R6(0805RR)
Add component. Clean all parameters for all variants
Added Component: Designator=R7(0805RR)
Add component. Clean all parameters for all variants
Added Component: Designator=R8(0805RR)
Add component. Clean all parameters for all variants
Added Component: Designator=R9(0805RR)
Add component. Clean all parameters for all variants
Added Component: Designator=R10(0805RR)
Add component. Clean all parameters for all variants
Added Component: Designator=R11(0805RR)
Add component. Clean all parameters for all variants
Added Component: Designator=R12(0805RR)
Add component. Clean all parameters for all variants
Added Component: Designator=R13(0805RR)
Add component. Clean all parameters for all variants
Added Component: Designator=R14(0805RR)
Add component. Clean all parameters for all variants
Added Component: Designator=R15(0805RR)
Add component. Clean all parameters for all variants
Added Component: Designator=R16(0805RR)
Add component. Clean all parameters for all variants
Added Component: Designator=R17(0805RR)
Add component. Clean all parameters for all variants
Added Component: Designator=R18(0805RR)
Add component. Clean all parameters for all variants
Added Component: Designator=R19(0805RR)
Add component. Clean all parameters for all variants
Added Component: Designator=R20(0805RR)
Add component. Clean all parameters for all variants
Added Component: Designator=R21(2512R)
Add component. Clean all parameters for all variants
Added Component: Designator=R22(0805RR)
Add component. Clean all parameters for all variants
Added Component: Designator=R23(0805RR)
Add component. Clean all parameters for all variants
Added Component: Designator=R24(0805RR)
Add component. Clean all parameters for all variants
Added Component: Designator=R25(0805RR)
Add component. Clean all parameters for all variants
Added Component: Designator=R26(0805RR)
Add component. Clean all parameters for all variants
Added Component: Designator=R27(0805RR)
Add component. Clean all parameters for all variants
Added Component: Designator=R28(0805RR)
Add component. Clean all parameters for all variants
Added Component: Designator=R29(0805RR)
Add component. Clean all parameters for all variants
Added Component: Designator=R30(0805RR)
Add component. Clean all parameters for all variants
Added Component: Designator=R31(0805RR)
Add component. Clean all parameters for all variants
Added Component: Designator=R32(0805RR)
Add component. Clean all parameters for all variants
Added Component: Designator=R33(0805RR)
Add component. Clean all parameters for all variants
Added Component: Designator=R34(0805RR)
Add component. Clean all parameters for all variants
Added Component: Designator=R35(0805RR)
Add component. Clean all parameters for all variants
Added Component: Designator=R36(0805RR)
Add component. Clean all parameters for all variants
Added Component: Designator=R37(0805RR)
Add component. Clean all parameters for all variants
Added Component: Designator=R38(0805RR)
Add component. Clean all parameters for all variants
Added Component: Designator=R39(0805RR)
Add component. Clean all parameters for all variants
Added Component: Designator=R40(0805RR)
Add component. Clean all parameters for all variants
Added Component: Designator=R41(0805RR)
Add component. Clean all parameters for all variants
Added Component: Designator=R42(0805RR)
Add component. Clean all parameters for all variants
Added Component: Designator=R43(0805RR)
Add component. Clean all parameters for all variants
Added Component: Designator=S1(TSW SMD-6*6*6)
Add component. Clean all parameters for all variants
Add component (AddParameter): Name = "LatestRevisionDate"; Value = "17-Jul-2002"; VariantName = "[No Variations]"
Add component (AddParameter): Name = "LatestRevisionNote"; Value = "Re-released for DXP Platform."; VariantName = "[No Variations]"
Add component (AddParameter): Name = "PackageReference"; Value = "SPST-2"; VariantName = "[No Variations]"
Add component (AddParameter): Name = "Published"; Value = "24-Mar-1999"; VariantName = "[No Variations]"
Add component (AddParameter): Name = "Publisher"; Value = "Altium Limited"; VariantName = "[No Variations]"
Added Component: Designator=S2(TSW SMD-4*4*1.5)
Add component. Clean all parameters for all variants
Add component (AddParameter): Name = "LatestRevisionDate"; Value = "17-Jul-2002"; VariantName = "[No Variations]"
Add component (AddParameter): Name = "LatestRevisionNote"; Value = "Re-released for DXP Platform."; VariantName = "[No Variations]"
Add component (AddParameter): Name = "PackageReference"; Value = "SPST-2"; VariantName = "[No Variations]"
Add component (AddParameter): Name = "Published"; Value = "24-Mar-1999"; VariantName = "[No Variations]"
Add component (AddParameter): Name = "Publisher"; Value = "Altium Limited"; VariantName = "[No Variations]"
Added Component: Designator=U1(TO220-5A)
Add component. Clean all parameters for all variants
Added Component: Designator=U2(TO252-5)
Add component. Clean all parameters for all variants
Added Component: Designator=U3(SOT223_N)
Add component. Clean all parameters for all variants
Added Component: Designator=U4(SOT23-5)
Add component. Clean all parameters for all variants
Added Component: Designator=U5(TO263-5A)
Add component. Clean all parameters for all variants
Added Component: Designator=U6(SOT223_N)
Add component. Clean all parameters for all variants
Added Component: Designator=U7(LQFP48 7X7_M)
Add component. Clean all parameters for all variants
Add component (AddParameter): Name = "BOM名称"; Value = "32位STM单片机"; VariantName = "[No Variations]"
Add component (AddParameter): Name = "学习资源"; Value = "www.ooocke.com"; VariantName = "[No Variations]"
Add component (AddParameter): Name = "版权归属"; Value = "源创客"; VariantName = "[No Variations]"
Added Component: Designator=U8(SOP16_L)
Add component. Clean all parameters for all variants
Added Component: Designator=U9(BLE_E104)
Add component. Clean all parameters for all variants
Added Component: Designator=USB1(USB-MICRO_A)
Add component. Clean all parameters for all variants
Add component (AddParameter): Name = "BOM名称"; Value = "微型USB母座"; VariantName = "[No Variations]"
Add component (AddParameter): Name = "学习资源"; Value = "www.ooocke.com"; VariantName = "[No Variations]"
Add component (AddParameter): Name = "版权归属"; Value = "源创客"; VariantName = "[No Variations]"
Added Component: Designator=X1(OSC 3225-4P)
Add component. Clean all parameters for all variants
Add component (AddParameter): Name = "BOM名称"; Value = "4脚无源晶振"; VariantName = "[No Variations]"
Add component (AddParameter): Name = "学习资源"; Value = "www.ooocke.com"; VariantName = "[No Variations]"
Add component (AddParameter): Name = "版权归属"; Value = "源创客"; VariantName = "[No Variations]"
Added Component: Designator=X2(OSC 3215-2P)
Add component. Clean all parameters for all variants
Add component (AddParameter): Name = "BOM名称"; Value = "2脚无源脚晶振"; VariantName = "[No Variations]"
Add component (AddParameter): Name = "学习资源"; Value = "www.ooocke.com"; VariantName = "[No Variations]"
Add component (AddParameter): Name = "版权归属"; Value = "源创客"; VariantName = "[No Variations]"
Added Pin To Net: NetName=AC_24V_L Pin=B1-AC1
Added Pin To Net: NetName=AC_24V_L Pin=JP1-2
Added Net: Name=AC_24V_L
Added Pin To Net: NetName=AC_24V_N Pin=B1-AC2
Added Pin To Net: NetName=AC_24V_N Pin=JP1-1
Added Net: Name=AC_24V_N
Added Pin To Net: NetName=BEEP Pin=R3-1
Added Pin To Net: NetName=BEEP Pin=U7-39
Added Net: Name=BEEP
Added Pin To Net: NetName=BLE_DATA Pin=D9-2
Added Pin To Net: NetName=BLE_DATA Pin=U7-29
Added Pin To Net: NetName=BLE_DATA Pin=U9-8
Added Net: Name=BLE_DATA
Added Pin To Net: NetName=BLE_DISC_Control Pin=R39-1
Added Pin To Net: NetName=BLE_DISC_Control Pin=U7-16
Added Net: Name=BLE_DISC_Control
Added Pin To Net: NetName=BLE_LINK Pin=D8-2
Added Pin To Net: NetName=BLE_LINK Pin=U7-17
Added Pin To Net: NetName=BLE_LINK Pin=U9-7
Added Net: Name=BLE_LINK
Added Pin To Net: NetName=BLE_MODE_Control Pin=R36-1
Added Pin To Net: NetName=BLE_MODE_Control Pin=U7-14
Added Net: Name=BLE_MODE_Control
Added Pin To Net: NetName=BLE_RST_Control Pin=R31-1
Added Pin To Net: NetName=BLE_RST_Control Pin=U7-30
Added Net: Name=BLE_RST_Control
Added Pin To Net: NetName=BLE_RST Pin=Q4-3
Added Pin To Net: NetName=BLE_RST Pin=R30-2
Added Pin To Net: NetName=BLE_RST Pin=R30-2
Added Pin To Net: NetName=BLE_RST Pin=U9-22
Added Net: Name=BLE_RST
Added Pin To Net: NetName=BLE_WKP_Control Pin=R38-1
Added Pin To Net: NetName=BLE_WKP_Control Pin=U7-15
Added Net: Name=BLE_WKP_Control
Added Pin To Net: NetName=Blue_RXD_PA2 Pin=R41-2
Added Pin To Net: NetName=Blue_RXD_PA2 Pin=R41-2
Added Pin To Net: NetName=Blue_RXD_PA2 Pin=U7-12
Added Net: Name=Blue_RXD_PA2
Added Pin To Net: NetName=Blue_TXD_PA3 Pin=R40-2
Added Pin To Net: NetName=Blue_TXD_PA3 Pin=R40-2
Added Pin To Net: NetName=Blue_TXD_PA3 Pin=U7-13
Added Net: Name=Blue_TXD_PA3
Added Pin To Net: NetName=D_GND Pin=C12-2
Added Pin To Net: NetName=D_GND Pin=C12-2
Added Pin To Net: NetName=D_GND Pin=C20-1
Added Pin To Net: NetName=D_GND Pin=C23-2
Added Pin To Net: NetName=D_GND Pin=C23-2
Added Pin To Net: NetName=D_GND Pin=C27-2
Added Pin To Net: NetName=D_GND Pin=C27-2
Added Pin To Net: NetName=D_GND Pin=C31-2
Added Pin To Net: NetName=D_GND Pin=C31-2
Added Pin To Net: NetName=D_GND Pin=C32-2
Added Pin To Net: NetName=D_GND Pin=C32-2
Added Pin To Net: NetName=D_GND Pin=C34-2
Added Pin To Net: NetName=D_GND Pin=C34-2
Added Pin To Net: NetName=D_GND Pin=C35-2
Added Pin To Net: NetName=D_GND Pin=C35-2
Added Pin To Net: NetName=D_GND Pin=C36-2
Added Pin To Net: NetName=D_GND Pin=C36-2
Added Pin To Net: NetName=D_GND Pin=C37-1
Added Pin To Net: NetName=D_GND Pin=C38-1
Added Pin To Net: NetName=D_GND Pin=C39-1
Added Pin To Net: NetName=D_GND Pin=C40-1
Added Pin To Net: NetName=D_GND Pin=C41-1
Added Pin To Net: NetName=D_GND Pin=C42-1
Added Pin To Net: NetName=D_GND Pin=JP3-1
Added Pin To Net: NetName=D_GND Pin=JP4-3
Added Pin To Net: NetName=D_GND Pin=Q4-2
Added Pin To Net: NetName=D_GND Pin=R12-2
Added Pin To Net: NetName=D_GND Pin=R12-2
Added Pin To Net: NetName=D_GND Pin=R15-2
Added Pin To Net: NetName=D_GND Pin=R15-2
Added Pin To Net: NetName=D_GND Pin=R19-2
Added Pin To Net: NetName=D_GND Pin=R19-2
Added Pin To Net: NetName=D_GND Pin=R27-2
Added Pin To Net: NetName=D_GND Pin=R27-2
Added Pin To Net: NetName=D_GND Pin=R32-1
Added Pin To Net: NetName=D_GND Pin=R33-2
Added Pin To Net: NetName=D_GND Pin=R33-2
Added Pin To Net: NetName=D_GND Pin=S1-2
Added Pin To Net: NetName=D_GND Pin=S2-2
Added Pin To Net: NetName=D_GND Pin=U4-2
Added Pin To Net: NetName=D_GND Pin=U7-8
Added Pin To Net: NetName=D_GND Pin=U7-23
Added Pin To Net: NetName=D_GND Pin=U7-35
Added Pin To Net: NetName=D_GND Pin=U7-47
Added Pin To Net: NetName=D_GND Pin=U8-1
Added Pin To Net: NetName=D_GND Pin=U9-1
Added Pin To Net: NetName=D_GND Pin=U9-9
Added Pin To Net: NetName=D_GND Pin=U9-16
Added Pin To Net: NetName=D_GND Pin=U9-23
Added Pin To Net: NetName=D_GND Pin=USB1-4
Added Pin To Net: NetName=D_GND Pin=USB1-5
Added Pin To Net: NetName=D_GND Pin=USB1-5
Added Pin To Net: NetName=D_GND Pin=USB1-5
Added Pin To Net: NetName=D_GND Pin=USB1-5
Added Pin To Net: NetName=D_GND Pin=USB1-5
Added Net: Name=D_GND
Added Pin To Net: NetName=DC_12V Pin=C8-1
Added Pin To Net: NetName=DC_12V Pin=C11-2
Added Pin To Net: NetName=DC_12V Pin=C13-1
Added Pin To Net: NetName=DC_12V Pin=C14-2
Added Pin To Net: NetName=DC_12V Pin=C14-2
Added Pin To Net: NetName=DC_12V Pin=L2-1
Added Pin To Net: NetName=DC_12V Pin=R6-2
Added Pin To Net: NetName=DC_12V Pin=R6-2
Added Pin To Net: NetName=DC_12V Pin=R7-1
Added Pin To Net: NetName=DC_12V Pin=U3-3
Added Net: Name=DC_12V
Added Pin To Net: NetName=DC_24V Pin=C2-1
Added Pin To Net: NetName=DC_24V Pin=C3-2
Added Pin To Net: NetName=DC_24V Pin=C7-2
Added Pin To Net: NetName=DC_24V Pin=C9-1
Added Pin To Net: NetName=DC_24V Pin=C10-2
Added Pin To Net: NetName=DC_24V Pin=F1-1
Added Pin To Net: NetName=DC_24V Pin=L1-1
Added Pin To Net: NetName=DC_24V Pin=R1-2
Added Pin To Net: NetName=DC_24V Pin=R1-2
Added Pin To Net: NetName=DC_24V Pin=R2-1
Added Pin To Net: NetName=DC_24V Pin=U2-5
Added Net: Name=DC_24V
Added Pin To Net: NetName=FB Pin=R11-1
Added Pin To Net: NetName=FB Pin=R21-2
Added Pin To Net: NetName=FB Pin=U5-5
Added Net: Name=FB
Added Pin To Net: NetName=GND Pin=B1-DC-
Added Pin To Net: NetName=GND Pin=C2-2
Added Pin To Net: NetName=GND Pin=C3-1
Added Pin To Net: NetName=GND Pin=C4-2
Added Pin To Net: NetName=GND Pin=C5-2
Added Pin To Net: NetName=GND Pin=C6-1
Added Pin To Net: NetName=GND Pin=C8-2
Added Pin To Net: NetName=GND Pin=C9-2
Added Pin To Net: NetName=GND Pin=C10-1
Added Pin To Net: NetName=GND Pin=C11-1
Added Pin To Net: NetName=GND Pin=C13-2
Added Pin To Net: NetName=GND Pin=C14-1
Added Pin To Net: NetName=GND Pin=C16-2
Added Pin To Net: NetName=GND Pin=C17-2
Added Pin To Net: NetName=GND Pin=C18-1
Added Pin To Net: NetName=GND Pin=C19-1
Added Pin To Net: NetName=GND Pin=C22-2
Added Pin To Net: NetName=GND Pin=C24-1
Added Pin To Net: NetName=GND Pin=C25-2
Added Pin To Net: NetName=GND Pin=C26-1
Added Pin To Net: NetName=GND Pin=C28-2
Added Pin To Net: NetName=GND Pin=C29-1
Added Pin To Net: NetName=GND Pin=D2-1
Added Pin To Net: NetName=GND Pin=D3-2
Added Pin To Net: NetName=GND Pin=D4-1
Added Pin To Net: NetName=GND Pin=D5-2
Added Pin To Net: NetName=GND Pin=Q1-2
Added Pin To Net: NetName=GND Pin=Q2-2
Added Pin To Net: NetName=GND Pin=Q3-2
Added Pin To Net: NetName=GND Pin=R4-2
Added Pin To Net: NetName=GND Pin=R4-2
Added Pin To Net: NetName=GND Pin=R5-1
Added Pin To Net: NetName=GND Pin=R9-1
Added Pin To Net: NetName=GND Pin=R15-1
Added Pin To Net: NetName=GND Pin=R19-1
Added Pin To Net: NetName=GND Pin=R21-1
Added Pin To Net: NetName=GND Pin=R28-2
Added Pin To Net: NetName=GND Pin=R28-2
Added Pin To Net: NetName=GND Pin=R29-1
Added Pin To Net: NetName=GND Pin=U1-1
Added Pin To Net: NetName=GND Pin=U2-1
Added Pin To Net: NetName=GND Pin=U3-1
Added Pin To Net: NetName=GND Pin=U5-1
Added Pin To Net: NetName=GND Pin=U6-1
Added Net: Name=GND
Added Pin To Net: NetName=LED_ADC1 Pin=C23-1
Added Pin To Net: NetName=LED_ADC1 Pin=R13-1
Added Pin To Net: NetName=LED_ADC1 Pin=U7-11
Added Net: Name=LED_ADC1
Added Pin To Net: NetName=LED_EN_Control Pin=R26-1
Added Pin To Net: NetName=LED_EN_Control Pin=U7-31
Added Net: Name=LED_EN_Control
Added Pin To Net: NetName=LED_OUT Pin=C16-1
Added Pin To Net: NetName=LED_OUT Pin=C19-2
Added Pin To Net: NetName=LED_OUT Pin=D6-2
Added Pin To Net: NetName=LED_OUT Pin=R25-2
Added Pin To Net: NetName=LED_OUT Pin=R25-2
Added Net: Name=LED_OUT
Added Pin To Net: NetName=MCU_3.3V Pin=C25-1
Added Pin To Net: NetName=MCU_3.3V Pin=C26-2
Added Pin To Net: NetName=MCU_3.3V Pin=C26-2
Added Pin To Net: NetName=MCU_3.3V Pin=C27-1
Added Pin To Net: NetName=MCU_3.3V Pin=C39-2
Added Pin To Net: NetName=MCU_3.3V Pin=C39-2
Added Pin To Net: NetName=MCU_3.3V Pin=C40-2
Added Pin To Net: NetName=MCU_3.3V Pin=C40-2
Added Pin To Net: NetName=MCU_3.3V Pin=C41-2
Added Pin To Net: NetName=MCU_3.3V Pin=C41-2
Added Pin To Net: NetName=MCU_3.3V Pin=C42-2
Added Pin To Net: NetName=MCU_3.3V Pin=C42-2
Added Pin To Net: NetName=MCU_3.3V Pin=D1-2
Added Pin To Net: NetName=MCU_3.3V Pin=D7-1
Added Pin To Net: NetName=MCU_3.3V Pin=JP3-2
Added Pin To Net: NetName=MCU_3.3V Pin=JP4-5
Added Pin To Net: NetName=MCU_3.3V Pin=LS1-1
Added Pin To Net: NetName=MCU_3.3V Pin=R8-2
Added Pin To Net: NetName=MCU_3.3V Pin=R8-2
Added Pin To Net: NetName=MCU_3.3V Pin=R10-2
Added Pin To Net: NetName=MCU_3.3V Pin=R10-2
Added Pin To Net: NetName=MCU_3.3V Pin=R30-1
Added Pin To Net: NetName=MCU_3.3V Pin=R37-2
Added Pin To Net: NetName=MCU_3.3V Pin=R37-2
Added Pin To Net: NetName=MCU_3.3V Pin=R42-1
Added Pin To Net: NetName=MCU_3.3V Pin=R43-1
Added Pin To Net: NetName=MCU_3.3V Pin=U6-4
Added Pin To Net: NetName=MCU_3.3V Pin=U7-24
Added Pin To Net: NetName=MCU_3.3V Pin=U7-36
Added Pin To Net: NetName=MCU_3.3V Pin=U7-48
Added Pin To Net: NetName=MCU_3.3V Pin=U9-17
Added Net: Name=MCU_3.3V
Added Pin To Net: NetName=MCU_RST Pin=C20-2
Added Pin To Net: NetName=MCU_RST Pin=C20-2
Added Pin To Net: NetName=MCU_RST Pin=JP4-1
Added Pin To Net: NetName=MCU_RST Pin=R10-1
Added Pin To Net: NetName=MCU_RST Pin=S2-1
Added Pin To Net: NetName=MCU_RST Pin=U7-7
Added Net: Name=MCU_RST
Added Pin To Net: NetName=NetC1_1 Pin=C1-1
Added Pin To Net: NetName=NetC1_1 Pin=U1-4
Added Net: Name=NetC1_1
Added Pin To Net: NetName=NetC7_1 Pin=C7-1
Added Pin To Net: NetName=NetC7_1 Pin=U2-4
Added Net: Name=NetC7_1
Added Pin To Net: NetName=NetC15_2 Pin=C15-2
Added Pin To Net: NetName=NetC15_2 Pin=C15-2
Added Pin To Net: NetName=NetC15_2 Pin=C21-2
Added Pin To Net: NetName=NetC15_2 Pin=C21-2
Added Net: Name=NetC15_2
Added Pin To Net: NetName=NetC21_1 Pin=C21-1
Added Pin To Net: NetName=NetC21_1 Pin=R11-2
Added Pin To Net: NetName=NetC21_1 Pin=R11-2
Added Pin To Net: NetName=NetC21_1 Pin=U4-1
Added Net: Name=NetC21_1
Added Pin To Net: NetName=NetC28_1 Pin=C28-1
Added Pin To Net: NetName=NetC28_1 Pin=C29-2
Added Pin To Net: NetName=NetC28_1 Pin=F1-2
Added Pin To Net: NetName=NetC28_1 Pin=L3-2
Added Pin To Net: NetName=NetC28_1 Pin=R24-2
Added Pin To Net: NetName=NetC28_1 Pin=R24-2
Added Pin To Net: NetName=NetC28_1 Pin=U5-4
Added Net: Name=NetC28_1
Added Pin To Net: NetName=NetC30_1 Pin=C30-1
Added Pin To Net: NetName=NetC30_1 Pin=C33-1
Added Net: Name=NetC30_1
Added Pin To Net: NetName=NetC30_2 Pin=C30-2
Added Pin To Net: NetName=NetC30_2 Pin=C30-2
Added Pin To Net: NetName=NetC30_2 Pin=U7-5
Added Pin To Net: NetName=NetC30_2 Pin=X1-3
Added Net: Name=NetC30_2
Added Pin To Net: NetName=NetC31_1 Pin=C31-1
Added Pin To Net: NetName=NetC31_1 Pin=U7-3
Added Pin To Net: NetName=NetC31_1 Pin=X2-2
Added Net: Name=NetC31_1
Added Pin To Net: NetName=NetC33_2 Pin=C33-2
Added Pin To Net: NetName=NetC33_2 Pin=C33-2
Added Pin To Net: NetName=NetC33_2 Pin=U7-6
Added Pin To Net: NetName=NetC33_2 Pin=X1-1
Added Net: Name=NetC33_2
Added Pin To Net: NetName=NetC34_1 Pin=C34-1
Added Pin To Net: NetName=NetC34_1 Pin=U7-4
Added Pin To Net: NetName=NetC34_1 Pin=X2-1
Added Net: Name=NetC34_1
Added Pin To Net: NetName=NetC35_1 Pin=C35-1
Added Pin To Net: NetName=NetC35_1 Pin=D7-2
Added Pin To Net: NetName=NetC35_1 Pin=U7-1
Added Net: Name=NetC35_1
Added Pin To Net: NetName=NetC36_1 Pin=C36-1
Added Pin To Net: NetName=NetC36_1 Pin=U8-4
Added Net: Name=NetC36_1
Added Pin To Net: NetName=NetC37_2 Pin=C37-2
Added Pin To Net: NetName=NetC37_2 Pin=C37-2
Added Pin To Net: NetName=NetC37_2 Pin=C38-2
Added Pin To Net: NetName=NetC37_2 Pin=C38-2
Added Pin To Net: NetName=NetC37_2 Pin=R37-1
Added Pin To Net: NetName=NetC37_2 Pin=U7-9
Added Net: Name=NetC37_2
Added Pin To Net: NetName=NetD1_1 Pin=D1-1
Added Pin To Net: NetName=NetD1_1 Pin=LS1-2
Added Pin To Net: NetName=NetD1_1 Pin=Q1-3
Added Net: Name=NetD1_1
Added Pin To Net: NetName=NetD2_2 Pin=D2-2
Added Pin To Net: NetName=NetD2_2 Pin=L1-2
Added Pin To Net: NetName=NetD2_2 Pin=U1-3
Added Net: Name=NetD2_2
Added Pin To Net: NetName=NetD3_1 Pin=D3-1
Added Pin To Net: NetName=NetD3_1 Pin=R2-2
Added Pin To Net: NetName=NetD3_1 Pin=R2-2
Added Net: Name=NetD3_1
Added Pin To Net: NetName=NetD4_2 Pin=D4-2
Added Pin To Net: NetName=NetD4_2 Pin=L2-2
Added Pin To Net: NetName=NetD4_2 Pin=U2-3
Added Pin To Net: NetName=NetD4_2 Pin=U2-3
Added Net: Name=NetD4_2
Added Pin To Net: NetName=NetD5_1 Pin=D5-1
Added Pin To Net: NetName=NetD5_1 Pin=R7-2
Added Pin To Net: NetName=NetD5_1 Pin=R7-2
Added Net: Name=NetD5_1
Added Pin To Net: NetName=NetD6_1 Pin=D6-1
Added Pin To Net: NetName=NetD6_1 Pin=L3-1
Added Pin To Net: NetName=NetD6_1 Pin=U5-3
Added Pin To Net: NetName=NetD6_1 Pin=U5-3
Added Net: Name=NetD6_1
Added Pin To Net: NetName=NetD8_1 Pin=D8-1
Added Pin To Net: NetName=NetD8_1 Pin=R42-2
Added Pin To Net: NetName=NetD8_1 Pin=R42-2
Added Net: Name=NetD8_1
Added Pin To Net: NetName=NetD9_1 Pin=D9-1
Added Pin To Net: NetName=NetD9_1 Pin=R43-2
Added Pin To Net: NetName=NetD9_1 Pin=R43-2
Added Net: Name=NetD9_1
Added Pin To Net: NetName=NetJP3_3 Pin=JP3-3
Added Pin To Net: NetName=NetJP3_3 Pin=R16-2
Added Pin To Net: NetName=NetJP3_3 Pin=R16-2
Added Net: Name=NetJP3_3
Added Pin To Net: NetName=NetJP3_4 Pin=JP3-4
Added Pin To Net: NetName=NetJP3_4 Pin=R17-2
Added Pin To Net: NetName=NetJP3_4 Pin=R17-2
Added Net: Name=NetJP3_4
Added Pin To Net: NetName=NetJP3_5 Pin=JP3-5
Added Pin To Net: NetName=NetJP3_5 Pin=R18-2
Added Pin To Net: NetName=NetJP3_5 Pin=R18-2
Added Net: Name=NetJP3_5
Added Pin To Net: NetName=NetJP3_6 Pin=JP3-6
Added Pin To Net: NetName=NetJP3_6 Pin=R20-2
Added Pin To Net: NetName=NetJP3_6 Pin=R20-2
Added Net: Name=NetJP3_6
Added Pin To Net: NetName=NetJP3_7 Pin=JP3-7
Added Pin To Net: NetName=NetJP3_7 Pin=R22-2
Added Pin To Net: NetName=NetJP3_7 Pin=R22-2
Added Net: Name=NetJP3_7
Added Pin To Net: NetName=NetJP3_8 Pin=JP3-8
Added Pin To Net: NetName=NetJP3_8 Pin=R23-2
Added Pin To Net: NetName=NetJP3_8 Pin=R23-2
Added Net: Name=NetJP3_8
Added Pin To Net: NetName=NetQ1_1 Pin=Q1-1
Added Pin To Net: NetName=NetQ1_1 Pin=R3-2
Added Pin To Net: NetName=NetQ1_1 Pin=R3-2
Added Pin To Net: NetName=NetQ1_1 Pin=R4-1
Added Net: Name=NetQ1_1
Added Pin To Net: NetName=NetQ2_1 Pin=Q2-1
Added Pin To Net: NetName=NetQ2_1 Pin=R26-2
Added Pin To Net: NetName=NetQ2_1 Pin=R26-2
Added Pin To Net: NetName=NetQ2_1 Pin=R28-1
Added Net: Name=NetQ2_1
Added Pin To Net: NetName=NetQ2_3 Pin=Q2-3
Added Pin To Net: NetName=NetQ2_3 Pin=Q3-3
Added Pin To Net: NetName=NetQ2_3 Pin=R24-1
Added Pin To Net: NetName=NetQ2_3 Pin=U5-2
Added Net: Name=NetQ2_3
Added Pin To Net: NetName=NetQ3_1 Pin=Q3-1
Added Pin To Net: NetName=NetQ3_1 Pin=R25-1
Added Pin To Net: NetName=NetQ3_1 Pin=R29-2
Added Pin To Net: NetName=NetQ3_1 Pin=R29-2
Added Net: Name=NetQ3_1
Added Pin To Net: NetName=NetQ4_1 Pin=Q4-1
Added Pin To Net: NetName=NetQ4_1 Pin=R31-2
Added Pin To Net: NetName=NetQ4_1 Pin=R31-2
Added Pin To Net: NetName=NetQ4_1 Pin=R33-1
Added Net: Name=NetQ4_1
Added Pin To Net: NetName=NetR1_1 Pin=R1-1
Added Pin To Net: NetName=NetR1_1 Pin=R5-2
Added Pin To Net: NetName=NetR1_1 Pin=R5-2
Added Pin To Net: NetName=NetR1_1 Pin=U1-2
Added Net: Name=NetR1_1
Added Pin To Net: NetName=NetR6_1 Pin=R6-1
Added Pin To Net: NetName=NetR6_1 Pin=R9-2
Added Pin To Net: NetName=NetR6_1 Pin=R9-2
Added Pin To Net: NetName=NetR6_1 Pin=U2-2
Added Net: Name=NetR6_1
Added Pin To Net: NetName=NetR12_1 Pin=R12-1
Added Pin To Net: NetName=NetR12_1 Pin=R14-2
Added Pin To Net: NetName=NetR12_1 Pin=R14-2
Added Pin To Net: NetName=NetR12_1 Pin=U4-3
Added Net: Name=NetR12_1
Added Pin To Net: NetName=NetR13_2 Pin=R13-2
Added Pin To Net: NetName=NetR13_2 Pin=R13-2
Added Pin To Net: NetName=NetR13_2 Pin=R14-1
Added Pin To Net: NetName=NetR13_2 Pin=U4-4
Added Net: Name=NetR13_2
Added Pin To Net: NetName=NetR27_1 Pin=R27-1
Added Pin To Net: NetName=NetR27_1 Pin=U7-20
Added Net: Name=NetR27_1
Added Pin To Net: NetName=NetR32_2 Pin=R32-2
Added Pin To Net: NetName=NetR32_2 Pin=R32-2
Added Pin To Net: NetName=NetR32_2 Pin=U7-44
Added Net: Name=NetR32_2
Added Pin To Net: NetName=NetR34_2 Pin=R34-2
Added Pin To Net: NetName=NetR34_2 Pin=R34-2
Added Pin To Net: NetName=NetR34_2 Pin=U8-2
Added Net: Name=NetR34_2
Added Pin To Net: NetName=NetR35_2 Pin=R35-2
Added Pin To Net: NetName=NetR35_2 Pin=R35-2
Added Pin To Net: NetName=NetR35_2 Pin=U8-3
Added Net: Name=NetR35_2
Added Pin To Net: NetName=NetR36_2 Pin=R36-2
Added Pin To Net: NetName=NetR36_2 Pin=R36-2
Added Pin To Net: NetName=NetR36_2 Pin=U9-4
Added Net: Name=NetR36_2
Added Pin To Net: NetName=NetR38_2 Pin=R38-2
Added Pin To Net: NetName=NetR38_2 Pin=R38-2
Added Pin To Net: NetName=NetR38_2 Pin=U9-5
Added Net: Name=NetR38_2
Added Pin To Net: NetName=NetR39_2 Pin=R39-2
Added Pin To Net: NetName=NetR39_2 Pin=R39-2
Added Pin To Net: NetName=NetR39_2 Pin=U9-6
Added Net: Name=NetR39_2
Added Pin To Net: NetName=NetR40_1 Pin=R40-1
Added Pin To Net: NetName=NetR40_1 Pin=U9-19
Added Net: Name=NetR40_1
Added Pin To Net: NetName=NetR41_1 Pin=R41-1
Added Pin To Net: NetName=NetR41_1 Pin=U9-18
Added Net: Name=NetR41_1
Added Pin To Net: NetName=OLED_CLK Pin=R16-1
Added Pin To Net: NetName=OLED_CLK Pin=U7-46
Added Net: Name=OLED_CLK
Added Pin To Net: NetName=OLED_CS1 Pin=R20-1
Added Pin To Net: NetName=OLED_CS1 Pin=U7-42
Added Net: Name=OLED_CS1
Added Pin To Net: NetName=OLED_CS2 Pin=R23-1
Added Pin To Net: NetName=OLED_CS2 Pin=U7-40
Added Net: Name=OLED_CS2
Added Pin To Net: NetName=OLED_DC Pin=R18-1
Added Pin To Net: NetName=OLED_DC Pin=U7-43
Added Net: Name=OLED_DC
Added Pin To Net: NetName=OLED_FSO Pin=R22-1
Added Pin To Net: NetName=OLED_FSO Pin=U7-41
Added Net: Name=OLED_FSO
Added Pin To Net: NetName=OLED_MOSI Pin=R17-1
Added Pin To Net: NetName=OLED_MOSI Pin=U7-45
Added Net: Name=OLED_MOSI
Added Pin To Net: NetName=SWCLK_PA14 Pin=JP4-4
Added Pin To Net: NetName=SWCLK_PA14 Pin=U7-37
Added Net: Name=SWCLK_PA14
Added Pin To Net: NetName=SWDIO_PA13 Pin=JP4-2
Added Pin To Net: NetName=SWDIO_PA13 Pin=U7-34
Added Net: Name=SWDIO_PA13
Added Pin To Net: NetName=UD+ Pin=R35-1
Added Pin To Net: NetName=UD+ Pin=U7-21
Added Pin To Net: NetName=UD+ Pin=U8-5
Added Pin To Net: NetName=UD+ Pin=USB1-3
Added Net: Name=UD+
Added Pin To Net: NetName=UD- Pin=U8-6
Added Pin To Net: NetName=UD- Pin=USB1-2
Added Net: Name=UD-
Added Pin To Net: NetName=USART3_TXD_PB11 Pin=R34-1
Added Pin To Net: NetName=USART3_TXD_PB11 Pin=U7-22
Added Net: Name=USART3_TXD_PB11
Added Pin To Net: NetName=VCC_5V Pin=C15-1
Added Pin To Net: NetName=VCC_5V Pin=C17-1
Added Pin To Net: NetName=VCC_5V Pin=C18-2
Added Pin To Net: NetName=VCC_5V Pin=C18-2
Added Pin To Net: NetName=VCC_5V Pin=C22-1
Added Pin To Net: NetName=VCC_5V Pin=C24-2
Added Pin To Net: NetName=VCC_5V Pin=C24-2
Added Pin To Net: NetName=VCC_5V Pin=C32-1
Added Pin To Net: NetName=VCC_5V Pin=U3-4
Added Pin To Net: NetName=VCC_5V Pin=U4-5
Added Pin To Net: NetName=VCC_5V Pin=U6-3
Added Pin To Net: NetName=VCC_5V Pin=U8-16
Added Pin To Net: NetName=VCC_5V Pin=USB1-1
Added Net: Name=VCC_5V
Added Pin To Net: NetName=VIN Pin=B1-DC+
Added Pin To Net: NetName=VIN Pin=C1-2
Added Pin To Net: NetName=VIN Pin=C4-1
Added Pin To Net: NetName=VIN Pin=C5-1
Added Pin To Net: NetName=VIN Pin=C6-2
Added Pin To Net: NetName=VIN Pin=U1-5
Added Net: Name=VIN
Added Pin To Net: NetName=WakeUp_KEY1_PA0 Pin=C12-1
Added Pin To Net: NetName=WakeUp_KEY1_PA0 Pin=R8-1
Added Pin To Net: NetName=WakeUp_KEY1_PA0 Pin=S1-1
Added Pin To Net: NetName=WakeUp_KEY1_PA0 Pin=U7-10
Added Net: Name=WakeUp_KEY1_PA0
Added Class: Name=LED
Added Room: Name=LED
