Removed Pin From Net: NetName=BEEP_GPIOA_4 Pin=R7-1
Change Component Comment : Designator=RP1 Old Comment=470 New Comment=1K
Change Component Comment : Designator=RP2 Old Comment=470 New Comment=1K
Change Component Comment : Designator=RP3 Old Comment=470 New Comment=1K
Change Component Comment : Designator=RP4 Old Comment=470 New Comment=1K
Change Component Comment : Designator=RP5 Old Comment=470 New Comment=1K
Change Component Comment : Designator=RP6 Old Comment=470 New Comment=1K
Added Component: Designator=LED1(LED 5MM-W)
Add component (AddParameter): Name = "BOM名称"; Value = "5mm插件LED"; VariantName = "[No Variations]"
Add component (AddParameter): Name = "学习资源"; Value = "www.ooocke.com"; VariantName = "[No Variations]"
Add component (AddParameter): Name = "版权归属"; Value = "源创客"; VariantName = "[No Variations]"
Added Component: Designator=LED2(LED 5MM-W)
Add component (AddParameter): Name = "BOM名称"; Value = "5mm插件LED"; VariantName = "[No Variations]"
Add component (AddParameter): Name = "学习资源"; Value = "www.ooocke.com"; VariantName = "[No Variations]"
Add component (AddParameter): Name = "版权归属"; Value = "源创客"; VariantName = "[No Variations]"
Added Component: Designator=LED3(LED 5MM-W)
Add component (AddParameter): Name = "BOM名称"; Value = "5mm插件LED"; VariantName = "[No Variations]"
Add component (AddParameter): Name = "学习资源"; Value = "www.ooocke.com"; VariantName = "[No Variations]"
Add component (AddParameter): Name = "版权归属"; Value = "源创客"; VariantName = "[No Variations]"
Added Component: Designator=LED4(LED 5MM-W)
Add component (AddParameter): Name = "BOM名称"; Value = "5mm插件LED"; VariantName = "[No Variations]"
Add component (AddParameter): Name = "学习资源"; Value = "www.ooocke.com"; VariantName = "[No Variations]"
Add component (AddParameter): Name = "版权归属"; Value = "源创客"; VariantName = "[No Variations]"
Added Component: Designator=Q2(SOT23-3N)
Add component (AddParameter): Name = "BOM名称"; Value = "高频放大-NPN型"; VariantName = "[No Variations]"
Add component (AddParameter): Name = "学习资源"; Value = "www.ooocke.com"; VariantName = "[No Variations]"
Add component (AddParameter): Name = "属性"; Value = "40V 1.5A 1W 100MHZ"; VariantName = "[No Variations]"
Add component (AddParameter): Name = "版权归属"; Value = "源创客"; VariantName = "[No Variations]"
Added Component: Designator=R3(0603RR)
Added Component: Designator=R4(0603RR)
Added Component: Designator=R5(0603RR)
Added Component: Designator=R23(0603RR)
Added Component: Designator=R24(0603RR)
Added Component: Designator=R25(0603RR)
Added Pin To Net: NetName=GND Pin=Q2-2
Added Pin To Net: NetName=MCU_3.3V Pin=R3-2
Added Pin To Net: NetName=MCU_3.3V Pin=R4-2
Added Pin To Net: NetName=GND Pin=R23-2
Added Pin To Net: NetName=MCU_3.3V Pin=R24-2
Added Pin To Net: NetName=MCU_3.3V Pin=R25-2
Added Pin To Net: NetName=BEEP_GPIOB_1 Pin=R7-1
Added Pin To Net: NetName=BEEP_GPIOB_1 Pin=U1-19
Added Net: Name=BEEP_GPIOB_1
Added Pin To Net: NetName=LED_GPIOA_4 Pin=R5-1
Added Net: Name=LED_GPIOA_4
Added Pin To Net: NetName=NetLED1_1 Pin=LED1-1
Added Pin To Net: NetName=NetLED1_1 Pin=R3-1
Added Net: Name=NetLED1_1
Added Pin To Net: NetName=NetLED1_2 Pin=LED1-2
Added Pin To Net: NetName=NetLED1_2 Pin=LED2-2
Added Pin To Net: NetName=NetLED1_2 Pin=LED3-2
Added Pin To Net: NetName=NetLED1_2 Pin=LED4-2
Added Pin To Net: NetName=NetLED1_2 Pin=Q2-3
Added Net: Name=NetLED1_2
Added Pin To Net: NetName=NetLED2_1 Pin=LED2-1
Added Pin To Net: NetName=NetLED2_1 Pin=R4-1
Added Net: Name=NetLED2_1
Added Pin To Net: NetName=NetLED3_1 Pin=LED3-1
Added Pin To Net: NetName=NetLED3_1 Pin=R24-1
Added Net: Name=NetLED3_1
Added Pin To Net: NetName=NetLED4_1 Pin=LED4-1
Added Pin To Net: NetName=NetLED4_1 Pin=R25-1
Added Net: Name=NetLED4_1
Added Pin To Net: NetName=NetQ2_1 Pin=Q2-1
Added Pin To Net: NetName=NetQ2_1 Pin=R5-2
Added Pin To Net: NetName=NetQ2_1 Pin=R23-1
Added Net: Name=NetQ2_1
Added Member To Class: ClassName=Clock Member=Component LED1 白色
Added Member To Class: ClassName=Clock Member=Component LED2 白色
Added Member To Class: ClassName=Clock Member=Component LED3 白色
Added Member To Class: ClassName=Clock Member=Component LED4 白色
Added Member To Class: ClassName=Clock Member=Component Q2 SS8050
Added Member To Class: ClassName=Clock Member=Component R3 470R
Added Member To Class: ClassName=Clock Member=Component R4 470R
Added Member To Class: ClassName=Clock Member=Component R5 1K
Added Member To Class: ClassName=Clock Member=Component R23 10K
Added Member To Class: ClassName=Clock Member=Component R24 470R
Added Member To Class: ClassName=Clock Member=Component R25 470R
