Change Component Designator: Old Designator=C? New Designator=C23
Change Component Designator: Old Designator=C? New Designator=C24
Change Component Designator: Old Designator=C? New Designator=C25
Change Component Designator: Old Designator=C? New Designator=C26
Change Component Designator: Old Designator=C? New Designator=C27
Change Component Designator: Old Designator=IC? New Designator=IC3
Change Component Designator: Old Designator=IC? New Designator=IC4
Change Component Designator: Old Designator=IC? New Designator=IC5
Change Component Designator: Old Designator=R? New Designator=R18
Change Component Designator: Old Designator=R? New Designator=R19
Change Component Designator: Old Designator=R? New Designator=R20
Change Component Designator: Old Designator=R? New Designator=R21
Change Component Designator: Old Designator=R? New Designator=R22
Change Component Designator: Old Designator=RP? New Designator=RP1
Change Component Designator: Old Designator=RP? New Designator=RP2
Change Component Designator: Old Designator=RP? New Designator=RP3
Change Component Designator: Old Designator=RP? New Designator=RP4
Change Component Designator: Old Designator=RP? New Designator=RP5
Change Component Designator: Old Designator=RP? New Designator=RP6
Change Component Designator: Old Designator=SMG? New Designator=SMG3
Change Component Designator: Old Designator=SMG? New Designator=SMG4
Change Component Designator: Old Designator=SMG? New Designator=SMG5
Change Component Designator: Old Designator=SMG? New Designator=SMG6
Change Component Designator: Old Designator=U? New Designator=U3
Change Component Designator: Old Designator=USB? New Designator=USB1
