Change Component Designator: OldDesignator=C? NewDesignator=C26
Change Component Designator: OldDesignator=C? NewDesignator=C27
Change Component Designator: OldDesignator=R? NewDesignator=R21
Change Component Designator: OldDesignator=R? NewDesignator=R22
Change Component Designator: OldDesignator=RP? NewDesignator=RP1
Change Component Designator: OldDesignator=RP? NewDesignator=RP2
Change Component Designator: OldDesignator=RP? NewDesignator=RP3
Change Component Designator: OldDesignator=RP? NewDesignator=RP4
Change Component Designator: OldDesignator=RP? NewDesignator=RP5
Change Component Designator: OldDesignator=SMG? NewDesignator=SMG3
Change Component Designator: OldDesignator=SMG? NewDesignator=SMG4
Change Component Designator: OldDesignator=SMG? NewDesignator=SMG5
Change Component Designator: OldDesignator=U? NewDesignator=U3
Change Component Designator: OldDesignator=USB? NewDesignator=USB1
Added Component: Designator=C23(0603CC)
Added Component: Designator=C24(0603CC)
Added Component: Designator=C25(0603CC)
Added Component: Designator=IC3(SOP16_N)
Add component (AddParameter): Name = "BOM名称"; Value = "8位移位寄存器"; VariantName = "[No Variations]"
Add component (AddParameter): Name = "学习资源"; Value = "www.ooocke.com"; VariantName = "[No Variations]"
Add component (AddParameter): Name = "版权归属"; Value = "源创客"; VariantName = "[No Variations]"
Added Component: Designator=IC4(SOP16_N)
Add component (AddParameter): Name = "BOM名称"; Value = "8位移位寄存器"; VariantName = "[No Variations]"
Add component (AddParameter): Name = "学习资源"; Value = "www.ooocke.com"; VariantName = "[No Variations]"
Add component (AddParameter): Name = "版权归属"; Value = "源创客"; VariantName = "[No Variations]"
Added Component: Designator=IC5(SOP16_N)
Add component (AddParameter): Name = "BOM名称"; Value = "8位移位寄存器"; VariantName = "[No Variations]"
Add component (AddParameter): Name = "学习资源"; Value = "www.ooocke.com"; VariantName = "[No Variations]"
Add component (AddParameter): Name = "版权归属"; Value = "源创客"; VariantName = "[No Variations]"
Added Component: Designator=R18(0603RR)
Added Component: Designator=R19(0603RR)
Added Component: Designator=R20(0603RR)
Added Component: Designator=RP6(4x0603)
Added Component: Designator=SMG6(SMG 0.36-4P)
Add component (AddParameter): Name = "BOM名称"; Value = "0.36寸4位共阳"; VariantName = "[No Variations]"
Add component (AddParameter): Name = "学习资源"; Value = "www.ooocke.com"; VariantName = "[No Variations]"
Add component (AddParameter): Name = "版权归属"; Value = "源创客"; VariantName = "[No Variations]"
Added Pin To Net: NetName=MCU_3.3V Pin=C23-1
Added Pin To Net: NetName=GND Pin=C23-2
Added Pin To Net: NetName=MCU_3.3V Pin=C24-1
Added Pin To Net: NetName=GND Pin=C24-2
Added Pin To Net: NetName=MCU_3.3V Pin=C25-1
Added Pin To Net: NetName=GND Pin=C25-2
Added Pin To Net: NetName=W0_COM10 Pin=IC3-1
Added Pin To Net: NetName=W0_COM11 Pin=IC3-2
Added Pin To Net: NetName=W0_COM12 Pin=IC3-3
Added Pin To Net: NetName=GND Pin=IC3-8
Added Pin To Net: NetName=GND Pin=IC3-13
Added Pin To Net: NetName=W0_COM9 Pin=IC3-15
Added Pin To Net: NetName=MCU_3.3V Pin=IC3-16
Added Pin To Net: NetName=D0_B Pin=IC4-1
Added Pin To Net: NetName=D0_C Pin=IC4-2
Added Pin To Net: NetName=D0_D Pin=IC4-3
Added Pin To Net: NetName=D0_E Pin=IC4-4
Added Pin To Net: NetName=D0_F Pin=IC4-5
Added Pin To Net: NetName=D0_G Pin=IC4-6
Added Pin To Net: NetName=D0_H Pin=IC4-7
Added Pin To Net: NetName=GND Pin=IC4-8
Added Pin To Net: NetName=GND Pin=IC4-13
Added Pin To Net: NetName=D0_A Pin=IC4-15
Added Pin To Net: NetName=MCU_3.3V Pin=IC4-16
Added Pin To Net: NetName=W0_COM2 Pin=IC5-1
Added Pin To Net: NetName=W0_COM3 Pin=IC5-2
Added Pin To Net: NetName=W0_COM4 Pin=IC5-3
Added Pin To Net: NetName=W0_COM5 Pin=IC5-4
Added Pin To Net: NetName=W0_COM6 Pin=IC5-5
Added Pin To Net: NetName=W0_COM7 Pin=IC5-6
Added Pin To Net: NetName=W0_COM8 Pin=IC5-7
Added Pin To Net: NetName=GND Pin=IC5-8
Added Pin To Net: NetName=GND Pin=IC5-13
Added Pin To Net: NetName=W0_COM1 Pin=IC5-15
Added Pin To Net: NetName=MCU_3.3V Pin=IC5-16
Added Pin To Net: NetName=MCU_3.3V Pin=R18-2
Added Pin To Net: NetName=MCU_3.3V Pin=R19-2
Added Pin To Net: NetName=MCU_3.3V Pin=R20-2
Added Pin To Net: NetName=MCU_3.3V Pin=RP3-1
Added Pin To Net: NetName=MCU_3.3V Pin=RP3-2
Added Pin To Net: NetName=MCU_3.3V Pin=RP3-3
Added Pin To Net: NetName=MCU_3.3V Pin=RP3-4
Added Pin To Net: NetName=W0_COM9 Pin=RP3-5
Added Pin To Net: NetName=W0_COM10 Pin=RP3-6
Added Pin To Net: NetName=W0_COM11 Pin=RP3-7
Added Pin To Net: NetName=W0_COM12 Pin=RP3-8
Added Pin To Net: NetName=MCU_3.3V Pin=RP4-1
Added Pin To Net: NetName=MCU_3.3V Pin=RP4-2
Added Pin To Net: NetName=MCU_3.3V Pin=RP4-3
Added Pin To Net: NetName=MCU_3.3V Pin=RP4-4
Added Pin To Net: NetName=W0_COM1 Pin=RP5-1
Added Pin To Net: NetName=W0_COM2 Pin=RP5-2
Added Pin To Net: NetName=W0_COM3 Pin=RP5-3
Added Pin To Net: NetName=W0_COM4 Pin=RP5-4
Added Pin To Net: NetName=MCU_3.3V Pin=RP5-5
Added Pin To Net: NetName=MCU_3.3V Pin=RP5-6
Added Pin To Net: NetName=MCU_3.3V Pin=RP5-7
Added Pin To Net: NetName=MCU_3.3V Pin=RP5-8
Added Pin To Net: NetName=W0_COM5 Pin=RP6-1
Added Pin To Net: NetName=W0_COM6 Pin=RP6-2
Added Pin To Net: NetName=W0_COM7 Pin=RP6-3
Added Pin To Net: NetName=W0_COM8 Pin=RP6-4
Added Pin To Net: NetName=MCU_3.3V Pin=RP6-5
Added Pin To Net: NetName=MCU_3.3V Pin=RP6-6
Added Pin To Net: NetName=MCU_3.3V Pin=RP6-7
Added Pin To Net: NetName=MCU_3.3V Pin=RP6-8
Added Pin To Net: NetName=D0_E Pin=SMG6-1
Added Pin To Net: NetName=D0_D Pin=SMG6-2
Added Pin To Net: NetName=D0_H Pin=SMG6-3
Added Pin To Net: NetName=D0_C Pin=SMG6-4
Added Pin To Net: NetName=D0_G Pin=SMG6-5
Added Pin To Net: NetName=D0_B Pin=SMG6-7
Added Pin To Net: NetName=D0_F Pin=SMG6-10
Added Pin To Net: NetName=D0_A Pin=SMG6-11
Change Net Name : Old Net Name=NetC?_1 New Net Name=NetC27_1
Change Net Name : Old Net Name=NetR?_2 New Net Name=NetR22_2
Added Pin To Net: NetName=DUAN0_DATA_IN Pin=IC4-14
Added Net: Name=DUAN0_DATA_IN
Added Pin To Net: NetName=DUAN0_DATA_MOVE Pin=IC4-11
Added Net: Name=DUAN0_DATA_MOVE
Added Pin To Net: NetName=DUAN0_DATA_OUT Pin=IC4-12
Added Net: Name=DUAN0_DATA_OUT
Added Pin To Net: NetName=MR0 Pin=IC3-10
Added Pin To Net: NetName=MR0 Pin=R18-1
Added Net: Name=MR0
Added Pin To Net: NetName=NetIC4_10 Pin=IC4-10
Added Pin To Net: NetName=NetIC4_10 Pin=R19-1
Added Net: Name=NetIC4_10
Added Pin To Net: NetName=NetIC5_10 Pin=IC5-10
Added Pin To Net: NetName=NetIC5_10 Pin=R20-1
Added Net: Name=NetIC5_10
Added Pin To Net: NetName=NetR21_2 Pin=R21-2
Added Pin To Net: NetName=NetR21_2 Pin=U3-2
Added Net: Name=NetR21_2
Added Pin To Net: NetName=Q7' Pin=IC3-14
Added Pin To Net: NetName=Q7' Pin=IC5-9
Added Net: Name=Q7'
Added Pin To Net: NetName=W0_COM13 Pin=IC3-4
Added Pin To Net: NetName=W0_COM13 Pin=RP4-5
Added Pin To Net: NetName=W0_COM13 Pin=SMG6-12
Added Net: Name=W0_COM13
Added Pin To Net: NetName=W0_COM14 Pin=IC3-5
Added Pin To Net: NetName=W0_COM14 Pin=RP4-6
Added Pin To Net: NetName=W0_COM14 Pin=SMG6-9
Added Net: Name=W0_COM14
Added Pin To Net: NetName=W0_COM15 Pin=IC3-6
Added Pin To Net: NetName=W0_COM15 Pin=RP4-7
Added Pin To Net: NetName=W0_COM15 Pin=SMG6-8
Added Net: Name=W0_COM15
Added Pin To Net: NetName=W0_COM16 Pin=IC3-7
Added Pin To Net: NetName=W0_COM16 Pin=RP4-8
Added Pin To Net: NetName=W0_COM16 Pin=SMG6-6
Added Net: Name=W0_COM16
Added Pin To Net: NetName=WEI0_DATA_IN Pin=IC5-14
Added Net: Name=WEI0_DATA_IN
Added Pin To Net: NetName=WEI0_DATA_MOVE Pin=IC3-11
Added Pin To Net: NetName=WEI0_DATA_MOVE Pin=IC5-11
Added Net: Name=WEI0_DATA_MOVE
Added Pin To Net: NetName=WEI0_DATA_OUT Pin=IC3-12
Added Pin To Net: NetName=WEI0_DATA_OUT Pin=IC5-12
Added Net: Name=WEI0_DATA_OUT
Added Member To Class: ClassName=Clock Member=Component C23 100nF
Added Member To Class: ClassName=Clock Member=Component C24 100nF
Added Member To Class: ClassName=Clock Member=Component C25 100nF
Added Member To Class: ClassName=Clock Member=Component C26 100nF
Added Member To Class: ClassName=Clock Member=Component IC3 74HC595
Added Member To Class: ClassName=Clock Member=Component IC4 74HC595
Added Member To Class: ClassName=Clock Member=Component IC5 74HC595
Added Member To Class: ClassName=Clock Member=Component R18 10K
Added Member To Class: ClassName=Clock Member=Component R19 10K
Added Member To Class: ClassName=Clock Member=Component R20 10K
Added Member To Class: ClassName=Clock Member=Component R22 220
Added Member To Class: ClassName=Clock Member=Component RP1 470
Added Member To Class: ClassName=Clock Member=Component RP3 470
Added Member To Class: ClassName=Clock Member=Component RP4 470
Added Member To Class: ClassName=Clock Member=Component RP5 470
Added Member To Class: ClassName=Clock Member=Component RP6 470
Added Member To Class: ClassName=Clock Member=Component SMG4 3641B
Added Member To Class: ClassName=Clock Member=Component SMG5 3641B
Added Member To Class: ClassName=Clock Member=Component SMG6 3641B
