Added Component: Designator=C1(0603CC)
Added Component: Designator=C2(0603CC)
Added Component: Designator=C3(0603CC)
Added Component: Designator=C4(0603CC)
Added Component: Designator=C5(0603CC)
Added Component: Designator=C6(0603CC)
Added Component: Designator=C7(0603CC)
Added Component: Designator=C8(0603CC)
Added Component: Designator=C9(0603CC)
Added Component: Designator=C10(0603CC)
Added Component: Designator=C11(0603CC)
Added Component: Designator=C12(0603CC)
Added Component: Designator=C13(0603CC)
Added Component: Designator=C14(CD A(3216))
Added Component: Designator=C15(0603CC)
Added Component: Designator=C16(C3216)
Added Component: Designator=C17(0603CC)
Added Component: Designator=C18(0603CC)
Added Component: Designator=C19(0603CC)
Added Component: Designator=C20(0603CC)
Added Component: Designator=D1(SOD-323)
Add component (AddParameter): Name = "BOM名称"; Value = "高速开关二极管"; VariantName = "[No Variations]"
Add component (AddParameter): Name = "学习资源"; Value = "www.ooocke.com"; VariantName = "[No Variations]"
Add component (AddParameter): Name = "版权归属"; Value = "源创客"; VariantName = "[No Variations]"
Added Component: Designator=D2(SOD-323)
Added Component: Designator=D3(SMA)
Added Component: Designator=IC1(SOP16_N)
Add component (AddParameter): Name = "BOM名称"; Value = "8位移位寄存器"; VariantName = "[No Variations]"
Add component (AddParameter): Name = "学习资源"; Value = "www.ooocke.com"; VariantName = "[No Variations]"
Add component (AddParameter): Name = "版权归属"; Value = "源创客"; VariantName = "[No Variations]"
Added Component: Designator=IC2(SOP16_N)
Add component (AddParameter): Name = "BOM名称"; Value = "8位移位寄存器"; VariantName = "[No Variations]"
Add component (AddParameter): Name = "学习资源"; Value = "www.ooocke.com"; VariantName = "[No Variations]"
Add component (AddParameter): Name = "版权归属"; Value = "源创客"; VariantName = "[No Variations]"
Added Component: Designator=JP1(HDR2.54-LI-5P)
Add component (AddParameter): Name = "BOM名称"; Value = "5P接插件"; VariantName = "[No Variations]"
Add component (AddParameter): Name = "学习资源"; Value = "www.ooocke.com"; VariantName = "[No Variations]"
Add component (AddParameter): Name = "版权归属"; Value = "源创客"; VariantName = "[No Variations]"
Added Component: Designator=JP2(18650*2)
Add component (AddParameter): Name = "BOM名称"; Value = "2P接插件"; VariantName = "[No Variations]"
Add component (AddParameter): Name = "学习资源"; Value = "www.ooocke.com"; VariantName = "[No Variations]"
Add component (AddParameter): Name = "版权归属"; Value = "源创客"; VariantName = "[No Variations]"
Added Component: Designator=LS1(BEEP 5x9x5.5)
Add component (AddParameter): Name = "BOM名称"; Value = "蜂鸣器"; VariantName = "[No Variations]"
Add component (AddParameter): Name = "学习资源"; Value = "www.ooocke.com"; VariantName = "[No Variations]"
Add component (AddParameter): Name = "版权归属"; Value = "源创客"; VariantName = "[No Variations]"
Added Component: Designator=Q1(SOT23-3N)
Add component (AddParameter): Name = "BOM名称"; Value = "高频放大-NPN型"; VariantName = "[No Variations]"
Add component (AddParameter): Name = "学习资源"; Value = "www.ooocke.com"; VariantName = "[No Variations]"
Add component (AddParameter): Name = "属性"; Value = "40V 1.5A 1W 100MHZ"; VariantName = "[No Variations]"
Add component (AddParameter): Name = "版权归属"; Value = "源创客"; VariantName = "[No Variations]"
Added Component: Designator=R1(0603RR)
Added Component: Designator=R2(0603RR)
Added Component: Designator=R3(0603RR)
Added Component: Designator=R4(0603RR)
Added Component: Designator=R5(0603RR)
Added Component: Designator=R6(0603RR)
Added Component: Designator=R7(0603RR)
Added Component: Designator=R8(0603RR)
Added Component: Designator=R9(0603RR)
Added Component: Designator=R10(0603RR)
Added Component: Designator=R11(0603RR)
Added Component: Designator=R12(0603RR)
Added Component: Designator=R13(0603RR)
Added Component: Designator=R14(0603RR)
Added Component: Designator=R15(0603RR)
Added Component: Designator=S1(TSW SMD-6*6*6)
Add component (AddParameter): Name = "LatestRevisionDate"; Value = "17-Jul-2002"; VariantName = "[No Variations]"
Add component (AddParameter): Name = "LatestRevisionNote"; Value = "Re-released for DXP Platform."; VariantName = "[No Variations]"
Add component (AddParameter): Name = "PackageReference"; Value = "SPST-2"; VariantName = "[No Variations]"
Add component (AddParameter): Name = "Published"; Value = "24-Mar-1999"; VariantName = "[No Variations]"
Add component (AddParameter): Name = "Publisher"; Value = "Altium Limited"; VariantName = "[No Variations]"
Added Component: Designator=S2(TSW SMD-6*6*6)
Add component (AddParameter): Name = "LatestRevisionDate"; Value = "17-Jul-2002"; VariantName = "[No Variations]"
Add component (AddParameter): Name = "LatestRevisionNote"; Value = "Re-released for DXP Platform."; VariantName = "[No Variations]"
Add component (AddParameter): Name = "PackageReference"; Value = "SPST-2"; VariantName = "[No Variations]"
Add component (AddParameter): Name = "Published"; Value = "24-Mar-1999"; VariantName = "[No Variations]"
Add component (AddParameter): Name = "Publisher"; Value = "Altium Limited"; VariantName = "[No Variations]"
Added Component: Designator=S3(TSW SMD-4*4*1.5)
Add component (AddParameter): Name = "LatestRevisionDate"; Value = "17-Jul-2002"; VariantName = "[No Variations]"
Add component (AddParameter): Name = "LatestRevisionNote"; Value = "Re-released for DXP Platform."; VariantName = "[No Variations]"
Add component (AddParameter): Name = "PackageReference"; Value = "SPST-2"; VariantName = "[No Variations]"
Add component (AddParameter): Name = "Published"; Value = "24-Mar-1999"; VariantName = "[No Variations]"
Add component (AddParameter): Name = "Publisher"; Value = "Altium Limited"; VariantName = "[No Variations]"
Added Component: Designator=SMG1(SMG 0.8-4P)
Add component (AddParameter): Name = "BOM名称"; Value = "0.8寸4位共阳"; VariantName = "[No Variations]"
Add component (AddParameter): Name = "学习资源"; Value = "www.ooocke.com"; VariantName = "[No Variations]"
Add component (AddParameter): Name = "版权归属"; Value = "源创客"; VariantName = "[No Variations]"
Added Component: Designator=SMG2(SMG 0.8-4P)
Add component (AddParameter): Name = "BOM名称"; Value = "0.8寸4位共阳"; VariantName = "[No Variations]"
Add component (AddParameter): Name = "学习资源"; Value = "www.ooocke.com"; VariantName = "[No Variations]"
Add component (AddParameter): Name = "版权归属"; Value = "源创客"; VariantName = "[No Variations]"
Added Component: Designator=U1(LQFP48 7X7_M)
Add component (AddParameter): Name = "BOM名称"; Value = "32位STM单片机"; VariantName = "[No Variations]"
Add component (AddParameter): Name = "学习资源"; Value = "www.ooocke.com"; VariantName = "[No Variations]"
Add component (AddParameter): Name = "版权归属"; Value = "源创客"; VariantName = "[No Variations]"
Added Component: Designator=U2(SOT223_N)
Added Component: Designator=U3(SOT223_N)
Added Component: Designator=X1(OSC 3225-4P)
Add component (AddParameter): Name = "BOM名称"; Value = "4脚无源晶振"; VariantName = "[No Variations]"
Add component (AddParameter): Name = "学习资源"; Value = "www.ooocke.com"; VariantName = "[No Variations]"
Add component (AddParameter): Name = "版权归属"; Value = "源创客"; VariantName = "[No Variations]"
Added Component: Designator=X2(OSC 3215-2P)
Add component (AddParameter): Name = "BOM名称"; Value = "2脚无源脚晶振"; VariantName = "[No Variations]"
Add component (AddParameter): Name = "学习资源"; Value = "www.ooocke.com"; VariantName = "[No Variations]"
Add component (AddParameter): Name = "版权归属"; Value = "源创客"; VariantName = "[No Variations]"
Added Pin To Net: NetName=ADC Pin=R3-1
Added Pin To Net: NetName=ADC Pin=R4-1
Added Pin To Net: NetName=ADC Pin=R5-2
Added Net: Name=ADC
Added Pin To Net: NetName=BEEP_GPIOB_7 Pin=R7-1
Added Pin To Net: NetName=BEEP_GPIOB_7 Pin=U1-43
Added Net: Name=BEEP_GPIOB_7
Added Pin To Net: NetName=D_A Pin=IC2-15
Added Pin To Net: NetName=D_A Pin=SMG1-11
Added Pin To Net: NetName=D_A Pin=SMG2-11
Added Net: Name=D_A
Added Pin To Net: NetName=D_B Pin=IC2-1
Added Pin To Net: NetName=D_B Pin=SMG1-7
Added Pin To Net: NetName=D_B Pin=SMG2-7
Added Net: Name=D_B
Added Pin To Net: NetName=D_C Pin=IC2-2
Added Pin To Net: NetName=D_C Pin=SMG1-4
Added Pin To Net: NetName=D_C Pin=SMG2-4
Added Net: Name=D_C
Added Pin To Net: NetName=D_D Pin=IC2-3
Added Pin To Net: NetName=D_D Pin=SMG1-2
Added Pin To Net: NetName=D_D Pin=SMG2-2
Added Net: Name=D_D
Added Pin To Net: NetName=D_E Pin=IC2-4
Added Pin To Net: NetName=D_E Pin=SMG1-1
Added Pin To Net: NetName=D_E Pin=SMG2-1
Added Net: Name=D_E
Added Pin To Net: NetName=D_F Pin=IC2-5
Added Pin To Net: NetName=D_F Pin=SMG1-10
Added Pin To Net: NetName=D_F Pin=SMG2-10
Added Net: Name=D_F
Added Pin To Net: NetName=D_G Pin=IC2-6
Added Pin To Net: NetName=D_G Pin=SMG1-5
Added Pin To Net: NetName=D_G Pin=SMG2-5
Added Net: Name=D_G
Added Pin To Net: NetName=D_H Pin=IC2-7
Added Pin To Net: NetName=D_H Pin=SMG1-3
Added Pin To Net: NetName=D_H Pin=SMG2-3
Added Net: Name=D_H
Added Pin To Net: NetName=DUAN_DATA_IN Pin=IC2-14
Added Pin To Net: NetName=DUAN_DATA_IN Pin=U1-22
Added Net: Name=DUAN_DATA_IN
Added Pin To Net: NetName=DUAN_DATA_MOVE Pin=IC2-11
Added Pin To Net: NetName=DUAN_DATA_MOVE Pin=U1-26
Added Net: Name=DUAN_DATA_MOVE
Added Pin To Net: NetName=DUAN_DATA_OUT Pin=IC2-12
Added Pin To Net: NetName=DUAN_DATA_OUT Pin=U1-25
Added Net: Name=DUAN_DATA_OUT
Added Pin To Net: NetName=GGND Pin=C5-1
Added Pin To Net: NetName=GGND Pin=C6-2
Added Pin To Net: NetName=GGND Pin=C7-1
Added Pin To Net: NetName=GGND Pin=C8-2
Added Pin To Net: NetName=GGND Pin=C10-2
Added Pin To Net: NetName=GGND Pin=C11-1
Added Pin To Net: NetName=GGND Pin=C12-1
Added Pin To Net: NetName=GGND Pin=C18-1
Added Pin To Net: NetName=GGND Pin=C19-1
Added Pin To Net: NetName=GGND Pin=C20-1
Added Pin To Net: NetName=GGND Pin=R6-2
Added Pin To Net: NetName=GGND Pin=R11-1
Added Pin To Net: NetName=GGND Pin=R14-2
Added Pin To Net: NetName=GGND Pin=R15-2
Added Pin To Net: NetName=GGND Pin=U1-8
Added Pin To Net: NetName=GGND Pin=U1-23
Added Pin To Net: NetName=GGND Pin=U1-35
Added Pin To Net: NetName=GGND Pin=U1-47
Added Net: Name=GGND
Added Pin To Net: NetName=KEY_C_GPIOB_5 Pin=C4-1
Added Pin To Net: NetName=KEY_C_GPIOB_5 Pin=R9-1
Added Pin To Net: NetName=KEY_C_GPIOB_5 Pin=S1-1
Added Pin To Net: NetName=KEY_C_GPIOB_5 Pin=U1-41
Added Net: Name=KEY_C_GPIOB_5
Added Pin To Net: NetName=KEY_S_GPIOB_6 Pin=C9-1
Added Pin To Net: NetName=KEY_S_GPIOB_6 Pin=R10-1
Added Pin To Net: NetName=KEY_S_GPIOB_6 Pin=S2-1
Added Pin To Net: NetName=KEY_S_GPIOB_6 Pin=U1-42
Added Net: Name=KEY_S_GPIOB_6
Added Pin To Net: NetName=MCU_3.3V Pin=C16-1
Added Pin To Net: NetName=MCU_3.3V Pin=C17-2
Added Pin To Net: NetName=MCU_3.3V Pin=C18-2
Added Pin To Net: NetName=MCU_3.3V Pin=C19-2
Added Pin To Net: NetName=MCU_3.3V Pin=C20-2
Added Pin To Net: NetName=MCU_3.3V Pin=D1-2
Added Pin To Net: NetName=MCU_3.3V Pin=JP1-1
Added Pin To Net: NetName=MCU_3.3V Pin=LS1-1
Added Pin To Net: NetName=MCU_3.3V Pin=R3-2
Added Pin To Net: NetName=MCU_3.3V Pin=R9-2
Added Pin To Net: NetName=MCU_3.3V Pin=R10-2
Added Pin To Net: NetName=MCU_3.3V Pin=R12-2
Added Pin To Net: NetName=MCU_3.3V Pin=U2-2
Added Pin To Net: NetName=MCU_3.3V Pin=U2-4
Added Net: Name=MCU_3.3V
Added Pin To Net: NetName=MCU_RST Pin=C13-2
Added Pin To Net: NetName=MCU_RST Pin=JP1-5
Added Pin To Net: NetName=MCU_RST Pin=R12-1
Added Pin To Net: NetName=MCU_RST Pin=S3-1
Added Pin To Net: NetName=MCU_RST Pin=U1-7
Added Net: Name=MCU_RST
Added Pin To Net: NetName=NetBT1_1 Pin=D2-1
Added Pin To Net: NetName=NetBT1_1 Pin=R13-1
Added Pin To Net: NetName=NetBT1_1 Pin=U1-24
Added Pin To Net: NetName=NetBT1_1 Pin=U1-36
Added Pin To Net: NetName=NetBT1_1 Pin=U1-48
Added Net: Name=NetBT1_1
Added Pin To Net: NetName=NetC5_2 Pin=C5-2
Added Pin To Net: NetName=NetC5_2 Pin=U1-5
Added Pin To Net: NetName=NetC5_2 Pin=X1-3
Added Net: Name=NetC5_2
Added Pin To Net: NetName=NetC6_1 Pin=C6-1
Added Pin To Net: NetName=NetC6_1 Pin=U1-3
Added Pin To Net: NetName=NetC6_1 Pin=X2-2
Added Net: Name=NetC6_1
Added Pin To Net: NetName=NetC7_2 Pin=C7-2
Added Pin To Net: NetName=NetC7_2 Pin=U1-6
Added Pin To Net: NetName=NetC7_2 Pin=X1-1
Added Net: Name=NetC7_2
Added Pin To Net: NetName=NetC8_1 Pin=C8-1
Added Pin To Net: NetName=NetC8_1 Pin=U1-4
Added Pin To Net: NetName=NetC8_1 Pin=X2-1
Added Net: Name=NetC8_1
Added Pin To Net: NetName=NetC10_1 Pin=C10-1
Added Pin To Net: NetName=NetC10_1 Pin=D2-2
Added Pin To Net: NetName=NetC10_1 Pin=U1-1
Added Net: Name=NetC10_1
Added Pin To Net: NetName=NetC11_2 Pin=C11-2
Added Pin To Net: NetName=NetC11_2 Pin=C12-2
Added Pin To Net: NetName=NetC11_2 Pin=R13-2
Added Pin To Net: NetName=NetC11_2 Pin=U1-9
Added Net: Name=NetC11_2
Added Pin To Net: NetName=NetD1_1 Pin=D1-1
Added Pin To Net: NetName=NetD1_1 Pin=LS1-2
Added Pin To Net: NetName=NetD1_1 Pin=Q1-3
Added Net: Name=NetD1_1
Added Pin To Net: NetName=NetIC1_10 Pin=IC1-10
Added Pin To Net: NetName=NetIC1_10 Pin=R1-1
Added Net: Name=NetIC1_10
Added Pin To Net: NetName=NetIC2_10 Pin=IC2-10
Added Pin To Net: NetName=NetIC2_10 Pin=R2-1
Added Net: Name=NetIC2_10
Added Pin To Net: NetName=NetQ1_1 Pin=Q1-1
Added Pin To Net: NetName=NetQ1_1 Pin=R7-2
Added Pin To Net: NetName=NetQ1_1 Pin=R8-1
Added Net: Name=NetQ1_1
Added Pin To Net: NetName=NetR6_1 Pin=R6-1
Added Pin To Net: NetName=NetR6_1 Pin=U1-20
Added Net: Name=NetR6_1
Added Pin To Net: NetName=NetR11_2 Pin=R11-2
Added Pin To Net: NetName=NetR11_2 Pin=U1-44
Added Net: Name=NetR11_2
Added Pin To Net: NetName=POWER_+_VIN Pin=D3-2
Added Pin To Net: NetName=POWER_+_VIN Pin=U3-3
Added Net: Name=POWER_+_VIN
Added Pin To Net: NetName=POWER_+ Pin=D3-1
Added Pin To Net: NetName=POWER_+ Pin=JP2-2
Added Net: Name=POWER_+
Added Pin To Net: NetName=POWER_-- Pin=C1-2
Added Pin To Net: NetName=POWER_-- Pin=C2-2
Added Pin To Net: NetName=POWER_-- Pin=C3-1
Added Pin To Net: NetName=POWER_-- Pin=C4-2
Added Pin To Net: NetName=POWER_-- Pin=C9-2
Added Pin To Net: NetName=POWER_-- Pin=C13-1
Added Pin To Net: NetName=POWER_-- Pin=C14-2
Added Pin To Net: NetName=POWER_-- Pin=C15-1
Added Pin To Net: NetName=POWER_-- Pin=C16-2
Added Pin To Net: NetName=POWER_-- Pin=C17-1
Added Pin To Net: NetName=POWER_-- Pin=IC1-8
Added Pin To Net: NetName=POWER_-- Pin=IC1-13
Added Pin To Net: NetName=POWER_-- Pin=IC2-8
Added Pin To Net: NetName=POWER_-- Pin=IC2-13
Added Pin To Net: NetName=POWER_-- Pin=JP1-4
Added Pin To Net: NetName=POWER_-- Pin=JP2-1
Added Pin To Net: NetName=POWER_-- Pin=Q1-2
Added Pin To Net: NetName=POWER_-- Pin=R5-1
Added Pin To Net: NetName=POWER_-- Pin=R8-2
Added Pin To Net: NetName=POWER_-- Pin=R14-1
Added Pin To Net: NetName=POWER_-- Pin=R15-1
Added Pin To Net: NetName=POWER_-- Pin=S1-2
Added Pin To Net: NetName=POWER_-- Pin=S2-2
Added Pin To Net: NetName=POWER_-- Pin=S3-2
Added Pin To Net: NetName=POWER_-- Pin=U2-1
Added Pin To Net: NetName=POWER_-- Pin=U3-1
Added Net: Name=POWER_--
Added Pin To Net: NetName=POWER_ADC_GPIOA_1 Pin=C3-2
Added Pin To Net: NetName=POWER_ADC_GPIOA_1 Pin=R4-2
Added Pin To Net: NetName=POWER_ADC_GPIOA_1 Pin=U1-11
Added Net: Name=POWER_ADC_GPIOA_1
Added Pin To Net: NetName=SWCLK_PA14 Pin=JP1-3
Added Pin To Net: NetName=SWCLK_PA14 Pin=U1-37
Added Net: Name=SWCLK_PA14
Added Pin To Net: NetName=SWDIO_PA13 Pin=JP1-2
Added Pin To Net: NetName=SWDIO_PA13 Pin=U1-34
Added Net: Name=SWDIO_PA13
Added Pin To Net: NetName=VCC_5V Pin=C1-1
Added Pin To Net: NetName=VCC_5V Pin=C2-1
Added Pin To Net: NetName=VCC_5V Pin=C14-1
Added Pin To Net: NetName=VCC_5V Pin=C15-2
Added Pin To Net: NetName=VCC_5V Pin=IC1-16
Added Pin To Net: NetName=VCC_5V Pin=IC2-16
Added Pin To Net: NetName=VCC_5V Pin=R1-2
Added Pin To Net: NetName=VCC_5V Pin=R2-2
Added Pin To Net: NetName=VCC_5V Pin=U2-3
Added Pin To Net: NetName=VCC_5V Pin=U3-4
Added Net: Name=VCC_5V
Added Pin To Net: NetName=W_COM_1 Pin=IC1-15
Added Pin To Net: NetName=W_COM_1 Pin=SMG1-12
Added Net: Name=W_COM_1
Added Pin To Net: NetName=W_COM_2 Pin=IC1-1
Added Pin To Net: NetName=W_COM_2 Pin=SMG1-9
Added Net: Name=W_COM_2
Added Pin To Net: NetName=W_COM_3 Pin=IC1-2
Added Pin To Net: NetName=W_COM_3 Pin=SMG1-8
Added Net: Name=W_COM_3
Added Pin To Net: NetName=W_COM_4 Pin=IC1-3
Added Pin To Net: NetName=W_COM_4 Pin=SMG1-6
Added Net: Name=W_COM_4
Added Pin To Net: NetName=W_COM_5 Pin=IC1-4
Added Pin To Net: NetName=W_COM_5 Pin=SMG2-12
Added Net: Name=W_COM_5
Added Pin To Net: NetName=W_COM_6 Pin=IC1-5
Added Pin To Net: NetName=W_COM_6 Pin=SMG2-9
Added Net: Name=W_COM_6
Added Pin To Net: NetName=W_COM_7 Pin=IC1-6
Added Pin To Net: NetName=W_COM_7 Pin=SMG2-8
Added Net: Name=W_COM_7
Added Pin To Net: NetName=W_COM_8 Pin=IC1-7
Added Pin To Net: NetName=W_COM_8 Pin=SMG2-6
Added Net: Name=W_COM_8
Added Pin To Net: NetName=WEI_DATA_IN Pin=IC1-14
Added Pin To Net: NetName=WEI_DATA_IN Pin=U1-45
Added Net: Name=WEI_DATA_IN
Added Pin To Net: NetName=WEI_DATA_MOVE Pin=IC1-11
Added Pin To Net: NetName=WEI_DATA_MOVE Pin=U1-21
Added Net: Name=WEI_DATA_MOVE
Added Pin To Net: NetName=WEI_DATA_OUT Pin=IC1-12
Added Pin To Net: NetName=WEI_DATA_OUT Pin=U1-46
Added Net: Name=WEI_DATA_OUT
Added Class: Name=Clock
Added Room: Name=Clock
